/Users/admin/Library/Python/3.9/lib/python/site-packages/urllib3/__init__.py:35: NotOpenSSLWarning: urllib3 v2 only supports OpenSSL 1.1.1+, currently the 'ssl' module is compiled with 'LibreSSL 2.8.3'. See: https://github.com/urllib3/urllib3/issues/3020
  warnings.warn(
[I 2025-11-25 15:18:22.354 ServerApp] jupyter_lsp | extension was successfully linked.
[I 2025-11-25 15:18:22.355 ServerApp] jupyter_server_terminals | extension was successfully linked.
[I 2025-11-25 15:18:22.357 ServerApp] jupyterlab | extension was successfully linked.
[I 2025-11-25 15:18:22.489 ServerApp] notebook_shim | extension was successfully linked.
[I 2025-11-25 15:18:22.504 ServerApp] notebook_shim | extension was successfully loaded.
[I 2025-11-25 15:18:22.505 ServerApp] jupyter_lsp | extension was successfully loaded.
[I 2025-11-25 15:18:22.505 ServerApp] jupyter_server_terminals | extension was successfully loaded.
[I 2025-11-25 15:18:22.506 LabApp] JupyterLab extension loaded from /Users/admin/Library/Python/3.9/lib/python/site-packages/jupyterlab
[I 2025-11-25 15:18:22.506 LabApp] JupyterLab application directory is /Users/admin/Library/Python/3.9/share/jupyter/lab
[I 2025-11-25 15:18:22.506 LabApp] Extension Manager is 'pypi'.
[I 2025-11-25 15:18:22.524 ServerApp] jupyterlab | extension was successfully loaded.
[I 2025-11-25 15:18:22.525 ServerApp] Serving notebooks from local directory: /Users/admin
[I 2025-11-25 15:18:22.525 ServerApp] Jupyter Server 2.17.0 is running at:
[I 2025-11-25 15:18:22.525 ServerApp] http://Mac:8888/lab?token=0fed88c91c0cbb600b464dc18bda814bd98691422e95efe1
[I 2025-11-25 15:18:22.525 ServerApp]     http://127.0.0.1:8888/lab?token=0fed88c91c0cbb600b464dc18bda814bd98691422e95efe1
[I 2025-11-25 15:18:22.525 ServerApp] Use Control-C to stop this server and shut down all kernels (twice to skip confirmation).
[C 2025-11-25 15:18:22.526 ServerApp] 
    
    To access the server, open this file in a browser:
        file:///Users/admin/Library/Jupyter/runtime/jpserver-80985-open.html
    Or copy and paste one of these URLs:
        http://Mac:8888/lab?token=0fed88c91c0cbb600b464dc18bda814bd98691422e95efe1
        http://127.0.0.1:8888/lab?token=0fed88c91c0cbb600b464dc18bda814bd98691422e95efe1
[I 2025-11-25 15:18:22.602 ServerApp] Skipped non-installed server(s): basedpyright, bash-language-server, dockerfile-language-server-nodejs, javascript-typescript-langserver, jedi-language-server, julia-language-server, pyrefly, pyright, python-language-server, python-lsp-server, r-languageserver, sql-language-server, texlab, typescript-language-server, unified-language-server, vscode-css-languageserver-bin, vscode-html-languageserver-bin, vscode-json-languageserver-bin, yaml-language-server
[I 2025-11-25 15:18:55.322 LabApp] Build is up to date
[I 2025-11-25 15:18:55.352 ServerApp] New terminal with automatic name: 1
[W 2025-11-25 15:18:55.459 ServerApp] The websocket_ping_timeout (90000) cannot be longer than the websocket_ping_interval (30000).
    Setting websocket_ping_timeout=30000
[I 2025-11-25 15:18:55.798 ServerApp] Kernel started: eb9e1a2d-c6ef-49b8-958d-e26f5368ae27
[I 2025-11-25 15:18:56.148 ServerApp] Connecting to kernel eb9e1a2d-c6ef-49b8-958d-e26f5368ae27.
[I 2025-11-25 15:19:00.446 ServerApp] Connecting to kernel eb9e1a2d-c6ef-49b8-958d-e26f5368ae27.
[I 2025-11-25 15:19:00.478 ServerApp] Connecting to kernel eb9e1a2d-c6ef-49b8-958d-e26f5368ae27.
[I 2025-11-25 15:19:51.881 ServerApp] Saving file at /JupyterLab/test.ipynb
[I 2025-11-25 15:20:11.947 ServerApp] Saving file at /JupyterLab/test.ipynb
[I 2025-11-25 15:22:55.683 ServerApp] Starting buffering for eb9e1a2d-c6ef-49b8-958d-e26f5368ae27:b1e308d0-2b97-4858-979f-757aa8bee618
[I 2025-11-25 17:04:25.177 ServerApp] Connecting to kernel eb9e1a2d-c6ef-49b8-958d-e26f5368ae27.
[I 2025-11-25 17:04:25.210 ServerApp] Starting buffering for eb9e1a2d-c6ef-49b8-958d-e26f5368ae27:7216531b-1019-4df9-8a6b-f721d5217d0e
[I 2025-11-25 17:04:25.422 LabApp] Build is up to date
[I 2025-11-25 17:04:25.677 ServerApp] Connecting to kernel eb9e1a2d-c6ef-49b8-958d-e26f5368ae27.
[I 2025-11-25 17:04:37.037 ServerApp] Creating new notebook in /JupyterLab
[I 2025-11-25 17:04:37.181 ServerApp] Kernel started: 6bfe55d9-a5e2-4375-ab8f-8fb6950ccc53
[I 2025-11-25 17:04:37.551 ServerApp] Connecting to kernel 6bfe55d9-a5e2-4375-ab8f-8fb6950ccc53.
[I 2025-11-25 17:06:37.137 ServerApp] Saving file at /JupyterLab/Untitled.ipynb
[I 2025-11-25 17:08:37.197 ServerApp] Saving file at /JupyterLab/Untitled.ipynb
[I 2025-11-25 17:10:37.304 ServerApp] Saving file at /JupyterLab/Untitled.ipynb
[I 2025-11-25 17:10:42.493 ServerApp] Starting buffering for eb9e1a2d-c6ef-49b8-958d-e26f5368ae27:f05533bb-5bde-48b9-9e12-afc9c7d1bb56
[I 2025-11-25 17:12:02.423 ServerApp] Saving file at /JupyterLab/Untitled.ipynb
[I 2025-11-25 17:12:11.149 ServerApp] Kernel shutdown: eb9e1a2d-c6ef-49b8-958d-e26f5368ae27
[I 2025-11-25 17:12:30.307 ServerApp] Kernel restarted: 6bfe55d9-a5e2-4375-ab8f-8fb6950ccc53
[I 2025-11-25 17:12:30.319 ServerApp] Starting buffering for 6bfe55d9-a5e2-4375-ab8f-8fb6950ccc53:3d97af4a-0730-4850-9c6f-77f61f2f8cfa
[I 2025-11-25 17:12:30.331 ServerApp] Connecting to kernel 6bfe55d9-a5e2-4375-ab8f-8fb6950ccc53.
[I 2025-11-25 17:12:30.331 ServerApp] Restoring connection for 6bfe55d9-a5e2-4375-ab8f-8fb6950ccc53:3d97af4a-0730-4850-9c6f-77f61f2f8cfa
[I 2025-11-25 17:13:58.965 ServerApp] Saving file at /JupyterLab/Crawl-hackerone.ipynb
[I 2025-11-25 17:15:59.023 ServerApp] Saving file at /JupyterLab/Crawl-hackerone.ipynb
[I 2025-11-25 17:20:59.825 ServerApp] Starting buffering for 6bfe55d9-a5e2-4375-ab8f-8fb6950ccc53:3d97af4a-0730-4850-9c6f-77f61f2f8cfa
